<?xml version="1.0" encoding="UTF-8"?>
<!-- Generated by org.testng.reporters.JUnitReportReporter -->
<testsuite hostname="GANWEERSAHEB" failures="0" tests="3" name="com.TestLayer.ImdbPageTest" time="5.142" errors="0" timestamp="09 Dec 2022 13:02:25 GMT" skipped="0">
  <testcase classname="com.TestLayer.ImdbPageTest" name="clickonImdb" time="5.080"/>
  <testcase classname="com.TestLayer.ImdbPageTest" name="captureCountry" time="0.036"/>
  <testcase classname="com.TestLayer.ImdbPageTest" name="captureReleaseDate" time="0.026"/>
</testsuite> <!-- com.TestLayer.ImdbPageTest -->
