<?xml version="1.0" encoding="UTF-8"?>
<!-- Generated by org.testng.reporters.JUnitReportReporter -->
<testsuite hostname="GANWEERSAHEB" failures="0" tests="2" name="com.TestLayer.ValidationWIkiAndImdb" time="0.016" errors="0" timestamp="09 Dec 2022 13:02:25 GMT" skipped="0">
  <testcase classname="com.TestLayer.ValidationWIkiAndImdb" name="validateCountry" time="0.000"/>
  <testcase classname="com.TestLayer.ValidationWIkiAndImdb" name="validateReleaseDate" time="0.016"/>
</testsuite> <!-- com.TestLayer.ValidationWIkiAndImdb -->
