<?xml version="1.0" encoding="UTF-8"?>
<!-- Generated by org.testng.reporters.JUnitReportReporter -->
<testsuite hostname="GANWEERSAHEB" failures="0" tests="2" name="com.TestLayer.WikipediaPageTest" time="0.075" errors="0" timestamp="09 Dec 2022 13:02:25 GMT" skipped="0">
  <testcase classname="com.TestLayer.WikipediaPageTest" name="captureCountry" time="0.046"/>
  <testcase classname="com.TestLayer.WikipediaPageTest" name="captureReleaseDate" time="0.029"/>
</testsuite> <!-- com.TestLayer.WikipediaPageTest -->
