<?xml version="1.0" encoding="UTF-8"?>
<!-- Generated by org.testng.reporters.JUnitReportReporter -->
<testsuite hostname="GANWEERSAHEB" failures="0" tests="1" name="com.TestLayer.GooglePageTest" time="3.281" errors="0" timestamp="09 Dec 2022 13:02:25 GMT" skipped="0">
  <testcase classname="com.TestLayer.GooglePageTest" name="searchOnGoogle" time="3.281"/>
</testsuite> <!-- com.TestLayer.GooglePageTest -->
