<?xml version="1.0" encoding="UTF-8"?>
<!-- Generated by org.testng.reporters.JUnitReportReporter -->
<testsuite hostname="GANWEERSAHEB" failures="0" tests="2" name="com.TestLayer.GoogleSearchPageTest" time="0.863" errors="0" timestamp="09 Dec 2022 13:02:25 GMT" skipped="0">
  <testcase classname="com.TestLayer.GoogleSearchPageTest" name="verifyGoogleSearchPageTitle" time="0.012"/>
  <testcase classname="com.TestLayer.GoogleSearchPageTest" name="clickonWiki" time="0.851"/>
</testsuite> <!-- com.TestLayer.GoogleSearchPageTest -->
